This is pdfTeX, Version 3.1415926-2.4-1.40.13 (TeX Live 2012) (format=pdflatex 2013.4.30)  7 AUG 2014 09:53
entering extended mode
 restricted \write18 enabled.
 %&-line parsing enabled.
**hw_1.tex
(./hw_1.tex
LaTeX2e <2011/06/27>
Babel <v3.8m> and hyphenation patterns for english, dumylang, nohyphenation, ge
rman-x-2012-05-30, ngerman-x-2012-05-30, afrikaans, ancientgreek, ibycus, arabi
c, armenian, basque, bulgarian, catalan, pinyin, coptic, croatian, czech, danis
h, dutch, ukenglish, usenglishmax, esperanto, estonian, ethiopic, farsi, finnis
h, french, friulan, galician, german, ngerman, swissgerman, monogreek, greek, h
ungarian, icelandic, assamese, bengali, gujarati, hindi, kannada, malayalam, ma
rathi, oriya, panjabi, tamil, telugu, indonesian, interlingua, irish, italian, 
kurmanji, latin, latvian, lithuanian, mongolian, mongolianlmc, bokmal, nynorsk,
 piedmontese, polish, portuguese, romanian, romansh, russian, sanskrit, serbian
, serbianc, slovak, slovenian, spanish, swedish, turkish, turkmen, ukrainian, u
ppersorbian, welsh, loaded.

(/.autofs/system/koko_system/texlive_2012/texmf-dist/tex/latex/base/article.cls
Document Class: article 2007/10/19 v1.4h Standard LaTeX document class
(/.autofs/system/koko_system/texlive_2012/texmf-dist/tex/latex/base/size10.clo
File: size10.clo 2007/10/19 v1.4h Standard LaTeX file (size option)
)
\c@part=\count79
\c@section=\count80
\c@subsection=\count81
\c@subsubsection=\count82
\c@paragraph=\count83
\c@subparagraph=\count84
\c@figure=\count85
\c@table=\count86
\abovecaptionskip=\skip41
\belowcaptionskip=\skip42
\bibindent=\dimen102
)
(/.autofs/system/koko_system/texlive_2012/texmf-dist/tex/latex/amsfonts/amssymb
.sty
Package: amssymb 2013/01/14 v3.01 AMS font symbols

(/.autofs/system/koko_system/texlive_2012/texmf-dist/tex/latex/amsfonts/amsfont
s.sty
Package: amsfonts 2013/01/14 v3.01 Basic AMSFonts support
\@emptytoks=\toks14
\symAMSa=\mathgroup4
\symAMSb=\mathgroup5
LaTeX Font Info:    Overwriting math alphabet `\mathfrak' in version `bold'
(Font)                  U/euf/m/n --> U/euf/b/n on input line 106.
))
(/.autofs/system/koko_system/texlive_2012/texmf-dist/tex/latex/amsmath/amsmath.
sty
Package: amsmath 2013/01/14 v2.14 AMS math features
\@mathmargin=\skip43

For additional information on amsmath, use the `?' option.

(/.autofs/system/koko_system/texlive_2012/texmf-dist/tex/latex/amsmath/amstext.
sty
Package: amstext 2000/06/29 v2.01

(/.autofs/system/koko_system/texlive_2012/texmf-dist/tex/latex/amsmath/amsgen.s
ty
File: amsgen.sty 1999/11/30 v2.0
\@emptytoks=\toks15
\ex@=\dimen103
))
(/.autofs/system/koko_system/texlive_2012/texmf-dist/tex/latex/amsmath/amsbsy.s
ty
Package: amsbsy 1999/11/29 v1.2d
\pmbraise@=\dimen104
)
(/.autofs/system/koko_system/texlive_2012/texmf-dist/tex/latex/amsmath/amsopn.s
ty
Package: amsopn 1999/12/14 v2.01 operator names
)
\inf@bad=\count87
LaTeX Info: Redefining \frac on input line 210.
\uproot@=\count88
\leftroot@=\count89
LaTeX Info: Redefining \overline on input line 306.
\classnum@=\count90
\DOTSCASE@=\count91
LaTeX Info: Redefining \ldots on input line 378.
LaTeX Info: Redefining \dots on input line 381.
LaTeX Info: Redefining \cdots on input line 466.
\Mathstrutbox@=\box26
\strutbox@=\box27
\big@size=\dimen105
LaTeX Font Info:    Redeclaring font encoding OML on input line 566.
LaTeX Font Info:    Redeclaring font encoding OMS on input line 567.
\macc@depth=\count92
\c@MaxMatrixCols=\count93
\dotsspace@=\muskip10
\c@parentequation=\count94
\dspbrk@lvl=\count95
\tag@help=\toks16
\row@=\count96
\column@=\count97
\maxfields@=\count98
\andhelp@=\toks17
\eqnshift@=\dimen106
\alignsep@=\dimen107
\tagshift@=\dimen108
\tagwidth@=\dimen109
\totwidth@=\dimen110
\lineht@=\dimen111
\@envbody=\toks18
\multlinegap=\skip44
\multlinetaggap=\skip45
\mathdisplay@stack=\toks19
LaTeX Info: Redefining \[ on input line 2665.
LaTeX Info: Redefining \] on input line 2666.
)
(/.autofs/system/koko_system/texlive_2012/texmf-dist/tex/latex/base/latexsym.st
y
Package: latexsym 1998/08/17 v2.2e Standard LaTeX package (lasy symbols)
\symlasy=\mathgroup6
LaTeX Font Info:    Overwriting symbol font `lasy' in version `bold'
(Font)                  U/lasy/m/n --> U/lasy/b/n on input line 47.
)
(/.autofs/system/koko_system/texlive_2012/texmf-dist/tex/latex/psnfss/times.sty
Package: times 2005/04/12 PSNFSS-v9.2a (SPQR) 
)
(/.autofs/system/koko_system/texlive_2012/texmf-dist/tex/latex/graphics/graphic
s.sty
Package: graphics 2009/02/05 v1.0o Standard LaTeX Graphics (DPC,SPQR)

(/.autofs/system/koko_system/texlive_2012/texmf-dist/tex/latex/graphics/trig.st
y
Package: trig 1999/03/16 v1.09 sin cos tan (DPC)
)
(/.autofs/system/koko_system/texlive_2012/texmf-dist/tex/latex/latexconfig/grap
hics.cfg
File: graphics.cfg 2010/04/23 v1.9 graphics configuration of TeX Live
)
Package graphics Info: Driver file: pdftex.def on input line 91.

(/.autofs/system/koko_system/texlive_2012/texmf-dist/tex/latex/pdftex-def/pdfte
x.def
File: pdftex.def 2011/05/27 v0.06d Graphics/color for pdfTeX

(/.autofs/system/koko_system/texlive_2012/texmf-dist/tex/generic/oberdiek/infwa
rerr.sty
Package: infwarerr 2010/04/08 v1.3 Providing info/warning/error messages (HO)
)
(/.autofs/system/koko_system/texlive_2012/texmf-dist/tex/generic/oberdiek/ltxcm
ds.sty
Package: ltxcmds 2011/11/09 v1.22 LaTeX kernel commands for general use (HO)
)
\Gread@gobject=\count99
))
(/.autofs/system/koko_system/texlive_2012/texmf-dist/tex/latex/multirow/multiro
w.sty
\bigstrutjot=\dimen112
)
(/.autofs/system/koko_system/texlive_2012/texmf-dist/tex/latex/preprint/fullpag
e.sty
Package: fullpage 1999/02/23 1.1 (PWD)
\FP@margin=\skip46
)
(/.autofs/system/koko_system/texlive_2012/texmf-dist/tex/latex/tools/verbatim.s
ty
Package: verbatim 2003/08/22 v1.5q LaTeX2e package for verbatim enhancements
\every@verbatim=\toks20
\verbatim@line=\toks21
\verbatim@in@stream=\read1
)
(/.autofs/system/koko_system/texlive_2012/texmf-dist/tex/latex/fancyhdr/fancyhe
adings.sty
Package: fancyheadings 2008/02/04 1.99 Dummy package to call fancyhdr


Package fancyheadings Warning: Please stop using fancyheadings!
(fancyheadings)                Use fancyhdr instead.
(fancyheadings)                We will call fancyhdr with the very same
(fancyheadings)                options you passed to fancyheadings.
(fancyheadings)                
(fancyheadings)                fancyhdr is 99 percent compatible with
(fancyheadings)                fancyheadings. The only incompatibility is
(fancyheadings)                that \headrulewidth and \footrulewidth and
(fancyheadings)                their \plain... versions are no longer length
(fancyheadings)                parameters, but normal macros (to be changed
(fancyheadings)                with \renewcommand rather than \setlength)..


(/.autofs/system/koko_system/texlive_2012/texmf-dist/tex/latex/fancyhdr/fancyhd
r.sty
\fancy@headwidth=\skip47
\f@ncyO@elh=\skip48
\f@ncyO@erh=\skip49
\f@ncyO@olh=\skip50
\f@ncyO@orh=\skip51
\f@ncyO@elf=\skip52
\f@ncyO@erf=\skip53
\f@ncyO@olf=\skip54
\f@ncyO@orf=\skip55
))
(/.autofs/system/koko_system/texlive_2012/texmf-dist/tex/latex/base/fontenc.sty
Package: fontenc 2005/09/27 v1.99g Standard LaTeX package
(/.autofs/system/koko_system/texlive_2012/texmf-dist/tex/latex/base/t1enc.def
File: t1enc.def 2005/09/27 v1.99g Standard LaTeX file
LaTeX Font Info:    Redeclaring font encoding T1 on input line 43.
)) (/.autofs/system/koko_system/texlive_2012/texmf-dist/tex/latex/arev/arev.sty
Package: arev 2005/06/14 0.1 Arev Sans package

(/.autofs/system/koko_system/texlive_2012/texmf-dist/tex/latex/arev/arevtext.st
y
Package: arevtext 2005/09/01 0.1 Arev Sans Text package

(/.autofs/system/koko_system/texlive_2012/texmf-dist/tex/latex/base/fontenc.sty
Package: fontenc 2005/09/27 v1.99g Standard LaTeX package
(/.autofs/system/koko_system/texlive_2012/texmf-dist/tex/latex/base/t1enc.def
File: t1enc.def 2005/09/27 v1.99g Standard LaTeX file
LaTeX Font Info:    Redeclaring font encoding T1 on input line 43.
))
(/.autofs/system/koko_system/texlive_2012/texmf-dist/tex/latex/base/textcomp.st
y
Package: textcomp 2005/09/27 v1.99g Standard LaTeX package
Package textcomp Info: Sub-encoding information:
(textcomp)               5 = only ISO-Adobe without \textcurrency
(textcomp)               4 = 5 + \texteuro
(textcomp)               3 = 4 + \textohm
(textcomp)               2 = 3 + \textestimated + \textcurrency
(textcomp)               1 = TS1 - \textcircled - \t
(textcomp)               0 = TS1 (full)
(textcomp)             Font families with sub-encoding setting implement
(textcomp)             only a restricted character set as indicated.
(textcomp)             Family '?' is the default used for unknown fonts.
(textcomp)             See the documentation for details.
Package textcomp Info: Setting ? sub-encoding to TS1/1 on input line 71.

(/.autofs/system/koko_system/texlive_2012/texmf-dist/tex/latex/base/ts1enc.def
File: ts1enc.def 2001/06/05 v3.0e (jk/car/fm) Standard LaTeX file
)
LaTeX Info: Redefining \oldstylenums on input line 266.
Package textcomp Info: Setting cmr sub-encoding to TS1/0 on input line 281.
Package textcomp Info: Setting cmss sub-encoding to TS1/0 on input line 282.
Package textcomp Info: Setting cmtt sub-encoding to TS1/0 on input line 283.
Package textcomp Info: Setting cmvtt sub-encoding to TS1/0 on input line 284.
Package textcomp Info: Setting cmbr sub-encoding to TS1/0 on input line 285.
Package textcomp Info: Setting cmtl sub-encoding to TS1/0 on input line 286.
Package textcomp Info: Setting ccr sub-encoding to TS1/0 on input line 287.
Package textcomp Info: Setting ptm sub-encoding to TS1/4 on input line 288.
Package textcomp Info: Setting pcr sub-encoding to TS1/4 on input line 289.
Package textcomp Info: Setting phv sub-encoding to TS1/4 on input line 290.
Package textcomp Info: Setting ppl sub-encoding to TS1/3 on input line 291.
Package textcomp Info: Setting pag sub-encoding to TS1/4 on input line 292.
Package textcomp Info: Setting pbk sub-encoding to TS1/4 on input line 293.
Package textcomp Info: Setting pnc sub-encoding to TS1/4 on input line 294.
Package textcomp Info: Setting pzc sub-encoding to TS1/4 on input line 295.
Package textcomp Info: Setting bch sub-encoding to TS1/4 on input line 296.
Package textcomp Info: Setting put sub-encoding to TS1/5 on input line 297.
Package textcomp Info: Setting uag sub-encoding to TS1/5 on input line 298.
Package textcomp Info: Setting ugq sub-encoding to TS1/5 on input line 299.
Package textcomp Info: Setting ul8 sub-encoding to TS1/4 on input line 300.
Package textcomp Info: Setting ul9 sub-encoding to TS1/4 on input line 301.
Package textcomp Info: Setting augie sub-encoding to TS1/5 on input line 302.
Package textcomp Info: Setting dayrom sub-encoding to TS1/3 on input line 303.
Package textcomp Info: Setting dayroms sub-encoding to TS1/3 on input line 304.

Package textcomp Info: Setting pxr sub-encoding to TS1/0 on input line 305.
Package textcomp Info: Setting pxss sub-encoding to TS1/0 on input line 306.
Package textcomp Info: Setting pxtt sub-encoding to TS1/0 on input line 307.
Package textcomp Info: Setting txr sub-encoding to TS1/0 on input line 308.
Package textcomp Info: Setting txss sub-encoding to TS1/0 on input line 309.
Package textcomp Info: Setting txtt sub-encoding to TS1/0 on input line 310.
Package textcomp Info: Setting lmr sub-encoding to TS1/0 on input line 311.
Package textcomp Info: Setting lmdh sub-encoding to TS1/0 on input line 312.
Package textcomp Info: Setting lmss sub-encoding to TS1/0 on input line 313.
Package textcomp Info: Setting lmssq sub-encoding to TS1/0 on input line 314.
Package textcomp Info: Setting lmvtt sub-encoding to TS1/0 on input line 315.
Package textcomp Info: Setting qhv sub-encoding to TS1/0 on input line 316.
Package textcomp Info: Setting qag sub-encoding to TS1/0 on input line 317.
Package textcomp Info: Setting qbk sub-encoding to TS1/0 on input line 318.
Package textcomp Info: Setting qcr sub-encoding to TS1/0 on input line 319.
Package textcomp Info: Setting qcs sub-encoding to TS1/0 on input line 320.
Package textcomp Info: Setting qpl sub-encoding to TS1/0 on input line 321.
Package textcomp Info: Setting qtm sub-encoding to TS1/0 on input line 322.
Package textcomp Info: Setting qzc sub-encoding to TS1/0 on input line 323.
Package textcomp Info: Setting qhvc sub-encoding to TS1/0 on input line 324.
Package textcomp Info: Setting futs sub-encoding to TS1/4 on input line 325.
Package textcomp Info: Setting futx sub-encoding to TS1/4 on input line 326.
Package textcomp Info: Setting futj sub-encoding to TS1/4 on input line 327.
Package textcomp Info: Setting hlh sub-encoding to TS1/3 on input line 328.
Package textcomp Info: Setting hls sub-encoding to TS1/3 on input line 329.
Package textcomp Info: Setting hlst sub-encoding to TS1/3 on input line 330.
Package textcomp Info: Setting hlct sub-encoding to TS1/5 on input line 331.
Package textcomp Info: Setting hlx sub-encoding to TS1/5 on input line 332.
Package textcomp Info: Setting hlce sub-encoding to TS1/5 on input line 333.
Package textcomp Info: Setting hlcn sub-encoding to TS1/5 on input line 334.
Package textcomp Info: Setting hlcw sub-encoding to TS1/5 on input line 335.
Package textcomp Info: Setting hlcf sub-encoding to TS1/5 on input line 336.
Package textcomp Info: Setting pplx sub-encoding to TS1/3 on input line 337.
Package textcomp Info: Setting pplj sub-encoding to TS1/3 on input line 338.
Package textcomp Info: Setting ptmx sub-encoding to TS1/4 on input line 339.
Package textcomp Info: Setting ptmj sub-encoding to TS1/4 on input line 340.
))
(/.autofs/system/koko_system/texlive_2012/texmf-dist/tex/latex/arev/arevmath.st
y
Package: arevmath 2006/02/19 0.1 Arev Sans Math package

(/.autofs/system/koko_system/texlive_2012/texmf-dist/tex/latex/arev/ams-mdbch.s
ty
Package: ams-mdbch 2005/05/08 v1.4 Bold mdbch (Math Design Project) to replace 
AMS fonts
\symmathdesignA=\mathgroup7
LaTeX Font Info:    Overwriting symbol font `mathdesignA' in version `bold'
(Font)                  MDA/mdbch/b/n --> MDA/mdbch/b/n on input line 47.
LaTeX Font Info:    Overwriting encoding scheme math defaults on input line 52.

LaTeX Info: Redefining \bold on input line 64.
LaTeX Font Info:    Redeclaring math delimiter \ulcorner on input line 82.
LaTeX Font Info:    Redeclaring math delimiter \urcorner on input line 83.
LaTeX Font Info:    Redeclaring math delimiter \llcorner on input line 84.
LaTeX Font Info:    Redeclaring math delimiter \lrcorner on input line 85.
LaTeX Font Info:    Redeclaring math accent \widetilde on input line 86.
LaTeX Font Info:    Redeclaring math accent \widehat on input line 87.
LaTeX Font Info:    Redeclaring math symbol \dabar@ on input line 88.
LaTeX Font Info:    Redeclaring math symbol \lvertneqq on input line 96.
LaTeX Font Info:    Redeclaring math symbol \gvertneqq on input line 97.
LaTeX Font Info:    Redeclaring math symbol \nleq on input line 98.
LaTeX Font Info:    Redeclaring math symbol \ngeq on input line 99.
LaTeX Font Info:    Redeclaring math symbol \nless on input line 100.
LaTeX Font Info:    Redeclaring math symbol \ngtr on input line 101.
LaTeX Font Info:    Redeclaring math symbol \nprec on input line 102.
LaTeX Font Info:    Redeclaring math symbol \nsucc on input line 103.
LaTeX Font Info:    Redeclaring math symbol \lneqq on input line 104.
LaTeX Font Info:    Redeclaring math symbol \gneqq on input line 105.
LaTeX Font Info:    Redeclaring math symbol \nleqslant on input line 106.
LaTeX Font Info:    Redeclaring math symbol \ngeqslant on input line 107.
LaTeX Font Info:    Redeclaring math symbol \lneq on input line 108.
LaTeX Font Info:    Redeclaring math symbol \gneq on input line 109.
LaTeX Font Info:    Redeclaring math symbol \npreceq on input line 110.
LaTeX Font Info:    Redeclaring math symbol \nsucceq on input line 111.
LaTeX Font Info:    Redeclaring math symbol \precnsim on input line 112.
LaTeX Font Info:    Redeclaring math symbol \succnsim on input line 113.
LaTeX Font Info:    Redeclaring math symbol \lnsim on input line 114.
LaTeX Font Info:    Redeclaring math symbol \gnsim on input line 115.
LaTeX Font Info:    Redeclaring math symbol \nleqq on input line 116.
LaTeX Font Info:    Redeclaring math symbol \ngeqq on input line 117.
LaTeX Font Info:    Redeclaring math symbol \precneqq on input line 118.
LaTeX Font Info:    Redeclaring math symbol \succneqq on input line 119.
LaTeX Font Info:    Redeclaring math symbol \precnapprox on input line 120.
LaTeX Font Info:    Redeclaring math symbol \succnapprox on input line 121.
LaTeX Font Info:    Redeclaring math symbol \lnapprox on input line 122.
LaTeX Font Info:    Redeclaring math symbol \gnapprox on input line 123.
LaTeX Font Info:    Redeclaring math symbol \nsim on input line 124.
LaTeX Font Info:    Redeclaring math symbol \ncong on input line 125.
LaTeX Font Info:    Redeclaring math symbol \diagup on input line 126.
LaTeX Font Info:    Redeclaring math symbol \diagdown on input line 127.
LaTeX Font Info:    Redeclaring math symbol \varsubsetneq on input line 128.
LaTeX Font Info:    Redeclaring math symbol \varsupsetneq on input line 129.
LaTeX Font Info:    Redeclaring math symbol \nsubseteqq on input line 130.
LaTeX Font Info:    Redeclaring math symbol \nsupseteqq on input line 131.
LaTeX Font Info:    Redeclaring math symbol \subsetneqq on input line 132.
LaTeX Font Info:    Redeclaring math symbol \supsetneqq on input line 133.
LaTeX Font Info:    Redeclaring math symbol \varsubsetneqq on input line 134.
LaTeX Font Info:    Redeclaring math symbol \varsupsetneqq on input line 135.
LaTeX Font Info:    Redeclaring math symbol \subsetneq on input line 136.
LaTeX Font Info:    Redeclaring math symbol \supsetneq on input line 137.
LaTeX Font Info:    Redeclaring math symbol \nsubseteq on input line 138.
LaTeX Font Info:    Redeclaring math symbol \nsupseteq on input line 139.
LaTeX Font Info:    Redeclaring math symbol \nparallel on input line 140.
LaTeX Font Info:    Redeclaring math symbol \nmid on input line 141.
LaTeX Font Info:    Redeclaring math symbol \nshortmid on input line 142.
LaTeX Font Info:    Redeclaring math symbol \nshortparallel on input line 143.
LaTeX Font Info:    Redeclaring math symbol \nvdash on input line 144.
LaTeX Font Info:    Redeclaring math symbol \nVdash on input line 145.
LaTeX Font Info:    Redeclaring math symbol \nvDash on input line 146.
LaTeX Font Info:    Redeclaring math symbol \nVDash on input line 147.
LaTeX Font Info:    Redeclaring math symbol \ntrianglerighteq on input line 148
.
LaTeX Font Info:    Redeclaring math symbol \ntrianglelefteq on input line 149.

LaTeX Font Info:    Redeclaring math symbol \ntriangleleft on input line 150.
LaTeX Font Info:    Redeclaring math symbol \ntriangleright on input line 151.
LaTeX Font Info:    Redeclaring math symbol \nleftarrow on input line 152.
LaTeX Font Info:    Redeclaring math symbol \nrightarrow on input line 153.
LaTeX Font Info:    Redeclaring math symbol \nLeftarrow on input line 154.
LaTeX Font Info:    Redeclaring math symbol \nRightarrow on input line 155.
LaTeX Font Info:    Redeclaring math symbol \nLeftrightarrow on input line 156.

LaTeX Font Info:    Redeclaring math symbol \nleftrightarrow on input line 157.

LaTeX Font Info:    Redeclaring math symbol \divideontimes on input line 158.
LaTeX Font Info:    Redeclaring math symbol \varnothing on input line 159.
LaTeX Font Info:    Redeclaring math symbol \nexists on input line 160.
LaTeX Font Info:    Redeclaring math symbol \Join on input line 161.
LaTeX Font Info:    Redeclaring math symbol \Finv on input line 165.
LaTeX Font Info:    Redeclaring math symbol \Game on input line 166.
LaTeX Font Info:    Redeclaring math symbol \eqsim on input line 167.
LaTeX Font Info:    Redeclaring math symbol \beth on input line 168.
LaTeX Font Info:    Redeclaring math symbol \gimel on input line 169.
LaTeX Font Info:    Redeclaring math symbol \daleth on input line 170.
LaTeX Font Info:    Redeclaring math symbol \lessdot on input line 171.
LaTeX Font Info:    Redeclaring math symbol \gtrdot on input line 172.
LaTeX Font Info:    Redeclaring math symbol \ltimes on input line 173.
LaTeX Font Info:    Redeclaring math symbol \rtimes on input line 174.
LaTeX Font Info:    Redeclaring math symbol \shortmid on input line 175.
LaTeX Font Info:    Redeclaring math symbol \shortparallel on input line 176.
LaTeX Font Info:    Redeclaring math symbol \smallsetminus on input line 177.
LaTeX Font Info:    Redeclaring math symbol \thicksim on input line 178.
LaTeX Font Info:    Redeclaring math symbol \thickapprox on input line 179.
LaTeX Font Info:    Redeclaring math symbol \approxeq on input line 180.
LaTeX Font Info:    Redeclaring math symbol \succapprox on input line 181.
LaTeX Font Info:    Redeclaring math symbol \precapprox on input line 182.
LaTeX Font Info:    Redeclaring math symbol \curvearrowleft on input line 183.
LaTeX Font Info:    Redeclaring math symbol \curvearrowright on input line 184.

LaTeX Font Info:    Redeclaring math symbol \Bbbk on input line 189.
LaTeX Font Info:    Redeclaring math symbol \backepsilon on input line 190.
LaTeX Font Info:    Redeclaring math symbol \boxdot on input line 192.
LaTeX Font Info:    Redeclaring math symbol \boxplus on input line 193.
LaTeX Font Info:    Redeclaring math symbol \boxtimes on input line 194.
LaTeX Font Info:    Redeclaring math symbol \square on input line 195.
LaTeX Font Info:    Redeclaring math symbol \blacksquare on input line 196.
LaTeX Font Info:    Redeclaring math symbol \centerdot on input line 197.
LaTeX Font Info:    Redeclaring math symbol \lozenge on input line 198.
LaTeX Font Info:    Redeclaring math symbol \blacklozenge on input line 199.
LaTeX Font Info:    Redeclaring math symbol \circlearrowright on input line 200
.
LaTeX Font Info:    Redeclaring math symbol \circlearrowleft on input line 201.

LaTeX Font Info:    Redeclaring math symbol \rightleftharpoons on input line 20
3.
LaTeX Font Info:    Redeclaring math symbol \leftrightharpoons on input line 20
4.
LaTeX Font Info:    Redeclaring math symbol \boxminus on input line 205.
LaTeX Font Info:    Redeclaring math symbol \Vdash on input line 206.
LaTeX Font Info:    Redeclaring math symbol \Vvdash on input line 207.
LaTeX Font Info:    Redeclaring math symbol \vDash on input line 208.
LaTeX Font Info:    Redeclaring math symbol \twoheadrightarrow on input line 20
9.
LaTeX Font Info:    Redeclaring math symbol \twoheadleftarrow on input line 210
.
LaTeX Font Info:    Redeclaring math symbol \leftleftarrows on input line 211.
LaTeX Font Info:    Redeclaring math symbol \rightrightarrows on input line 212
.
LaTeX Font Info:    Redeclaring math symbol \upuparrows on input line 213.
LaTeX Font Info:    Redeclaring math symbol \downdownarrows on input line 214.
LaTeX Font Info:    Redeclaring math symbol \upharpoonright on input line 215.
LaTeX Font Info:    Redeclaring math symbol \downharpoonright on input line 217
.
LaTeX Font Info:    Redeclaring math symbol \upharpoonleft on input line 218.
LaTeX Font Info:    Redeclaring math symbol \downharpoonleft on input line 219.

LaTeX Font Info:    Redeclaring math symbol \rightarrowtail on input line 220.
LaTeX Font Info:    Redeclaring math symbol \leftarrowtail on input line 221.
LaTeX Font Info:    Redeclaring math symbol \leftrightarrows on input line 222.

LaTeX Font Info:    Redeclaring math symbol \rightleftarrows on input line 223.

LaTeX Font Info:    Redeclaring math symbol \Lsh on input line 224.
LaTeX Font Info:    Redeclaring math symbol \Rsh on input line 225.
LaTeX Font Info:    Redeclaring math symbol \rightsquigarrow on input line 226.

LaTeX Font Info:    Redeclaring math symbol \leftrightsquigarrow on input line 
227.
LaTeX Font Info:    Redeclaring math symbol \looparrowleft on input line 228.
LaTeX Font Info:    Redeclaring math symbol \looparrowright on input line 229.
LaTeX Font Info:    Redeclaring math symbol \circeq on input line 230.
LaTeX Font Info:    Redeclaring math symbol \succsim on input line 231.
LaTeX Font Info:    Redeclaring math symbol \gtrsim on input line 232.
LaTeX Font Info:    Redeclaring math symbol \gtrapprox on input line 233.
LaTeX Font Info:    Redeclaring math symbol \multimap on input line 234.
LaTeX Font Info:    Redeclaring math symbol \therefore on input line 235.
LaTeX Font Info:    Redeclaring math symbol \because on input line 236.
LaTeX Font Info:    Redeclaring math symbol \doteqdot on input line 237.
LaTeX Font Info:    Redeclaring math symbol \triangleq on input line 239.
LaTeX Font Info:    Redeclaring math symbol \precsim on input line 240.
LaTeX Font Info:    Redeclaring math symbol \lesssim on input line 241.
LaTeX Font Info:    Redeclaring math symbol \lessapprox on input line 242.
LaTeX Font Info:    Redeclaring math symbol \eqslantless on input line 243.
LaTeX Font Info:    Redeclaring math symbol \eqslantgtr on input line 244.
LaTeX Font Info:    Redeclaring math symbol \curlyeqprec on input line 245.
LaTeX Font Info:    Redeclaring math symbol \curlyeqsucc on input line 246.
LaTeX Font Info:    Redeclaring math symbol \preccurlyeq on input line 247.
LaTeX Font Info:    Redeclaring math symbol \leqq on input line 248.
LaTeX Font Info:    Redeclaring math symbol \leqslant on input line 249.
LaTeX Font Info:    Redeclaring math symbol \lessgtr on input line 250.
LaTeX Font Info:    Redeclaring math symbol \backprime on input line 251.
LaTeX Font Info:    Redeclaring math symbol \risingdotseq on input line 252.
LaTeX Font Info:    Redeclaring math symbol \fallingdotseq on input line 253.
LaTeX Font Info:    Redeclaring math symbol \succcurlyeq on input line 254.
LaTeX Font Info:    Redeclaring math symbol \geqq on input line 255.
LaTeX Font Info:    Redeclaring math symbol \geqslant on input line 256.
LaTeX Font Info:    Redeclaring math symbol \gtrless on input line 257.
LaTeX Font Info:    Redeclaring math symbol \sqsubset on input line 258.
LaTeX Font Info:    Redeclaring math symbol \sqsupset on input line 259.
LaTeX Font Info:    Redeclaring math symbol \vartriangleright on input line 260
.
LaTeX Font Info:    Redeclaring math symbol \vartriangleleft on input line 261.

LaTeX Font Info:    Redeclaring math symbol \trianglerighteq on input line 262.

LaTeX Font Info:    Redeclaring math symbol \trianglelefteq on input line 263.
LaTeX Font Info:    Redeclaring math symbol \bigstar on input line 264.
LaTeX Font Info:    Redeclaring math symbol \between on input line 265.
LaTeX Font Info:    Redeclaring math symbol \blacktriangledown on input line 26
6.
LaTeX Font Info:    Redeclaring math symbol \blacktriangleright on input line 2
67.
LaTeX Font Info:    Redeclaring math symbol \blacktriangleleft on input line 26
8.
LaTeX Font Info:    Redeclaring math symbol \vartriangle on input line 269.
LaTeX Font Info:    Redeclaring math symbol \blacktriangle on input line 270.
LaTeX Font Info:    Redeclaring math symbol \triangledown on input line 271.
LaTeX Font Info:    Redeclaring math symbol \eqcirc on input line 272.
LaTeX Font Info:    Redeclaring math symbol \lesseqgtr on input line 273.
LaTeX Font Info:    Redeclaring math symbol \gtreqless on input line 274.
LaTeX Font Info:    Redeclaring math symbol \lesseqqgtr on input line 275.
LaTeX Font Info:    Redeclaring math symbol \gtreqqless on input line 276.
LaTeX Font Info:    Redeclaring math symbol \Rrightarrow on input line 277.
LaTeX Font Info:    Redeclaring math symbol \Lleftarrow on input line 278.
LaTeX Font Info:    Redeclaring math symbol \veebar on input line 279.
LaTeX Font Info:    Redeclaring math symbol \barwedge on input line 280.
LaTeX Font Info:    Redeclaring math symbol \doublebarwedge on input line 281.
LaTeX Font Info:    Redeclaring math symbol \angle on input line 282.
LaTeX Font Info:    Redeclaring math symbol \measuredangle on input line 283.
LaTeX Font Info:    Redeclaring math symbol \sphericalangle on input line 284.
LaTeX Font Info:    Redeclaring math symbol \varpropto on input line 285.
LaTeX Font Info:    Redeclaring math symbol \smallsmile on input line 286.
LaTeX Font Info:    Redeclaring math symbol \smallfrown on input line 287.
LaTeX Font Info:    Redeclaring math symbol \Subset on input line 288.
LaTeX Font Info:    Redeclaring math symbol \Supset on input line 289.
LaTeX Font Info:    Redeclaring math symbol \Cup on input line 290.
LaTeX Font Info:    Redeclaring math symbol \Cap on input line 292.
LaTeX Font Info:    Redeclaring math symbol \curlywedge on input line 294.
LaTeX Font Info:    Redeclaring math symbol \curlyvee on input line 295.
LaTeX Font Info:    Redeclaring math symbol \leftthreetimes on input line 296.
LaTeX Font Info:    Redeclaring math symbol \rightthreetimes on input line 297.

LaTeX Font Info:    Redeclaring math symbol \subseteqq on input line 298.
LaTeX Font Info:    Redeclaring math symbol \supseteqq on input line 299.
LaTeX Font Info:    Redeclaring math symbol \bumpeq on input line 300.
LaTeX Font Info:    Redeclaring math symbol \Bumpeq on input line 301.
LaTeX Font Info:    Redeclaring math symbol \lll on input line 302.
LaTeX Font Info:    Redeclaring math symbol \ggg on input line 304.
LaTeX Font Info:    Redeclaring math symbol \circledS on input line 306.
LaTeX Font Info:    Redeclaring math symbol \pitchfork on input line 307.
LaTeX Font Info:    Redeclaring math symbol \dotplus on input line 308.
LaTeX Font Info:    Redeclaring math symbol \backsim on input line 309.
LaTeX Font Info:    Redeclaring math symbol \backsimeq on input line 310.
LaTeX Font Info:    Redeclaring math symbol \complement on input line 311.
LaTeX Font Info:    Redeclaring math symbol \intercal on input line 312.
LaTeX Font Info:    Redeclaring math symbol \circledcirc on input line 313.
LaTeX Font Info:    Redeclaring math symbol \circledast on input line 314.
LaTeX Font Info:    Redeclaring math symbol \circleddash on input line 315.
)
(/.autofs/system/koko_system/texlive_2012/texmf-dist/tex/latex/base/ifthen.sty
Package: ifthen 2001/05/26 v1.1c Standard LaTeX ifthen package (DPC)
)
LaTeX Font Info:    Overwriting symbol font `operators' in version `normal'
(Font)                  OT1/cmr/m/n --> OT1/zavm/m/n on input line 71.
LaTeX Font Info:    Overwriting symbol font `letters' in version `normal'
(Font)                  OML/cmm/m/it --> OML/zavm/m/it on input line 72.
LaTeX Font Info:    Overwriting symbol font `symbols' in version `normal'
(Font)                  OMS/cmsy/m/n --> OMS/zavm/m/n on input line 73.
LaTeX Font Info:    Overwriting symbol font `largesymbols' in version `normal'
(Font)                  OMX/cmex/m/n --> OMX/mdbch/m/n on input line 74.
LaTeX Font Info:    Overwriting math alphabet `\mathbf' in version `normal'
(Font)                  OT1/cmr/bx/n --> OT1/zavm/b/n on input line 81.
LaTeX Font Info:    Overwriting math alphabet `\mathtt' in version `normal'
(Font)                  OT1/cmtt/m/n --> T1/fvm/m/n on input line 82.
LaTeX Font Info:    Redeclaring math alphabet \mathcal on input line 85.
LaTeX Font Info:    Redeclaring math alphabet \mathit on input line 89.
LaTeX Font Info:    Redeclaring math alphabet \mathsf on input line 91.
LaTeX Font Info:    Redeclaring math alphabet \mathbb on input line 105.
LaTeX Font Info:    Overwriting symbol font `operators' in version `bold'
(Font)                  OT1/cmr/bx/n --> OT1/zavm/b/n on input line 112.
LaTeX Font Info:    Overwriting symbol font `letters' in version `bold'
(Font)                  OML/cmm/b/it --> OML/zavm/b/it on input line 113.
LaTeX Font Info:    Overwriting symbol font `symbols' in version `bold'
(Font)                  OMS/cmsy/b/n --> OMS/zavm/b/n on input line 114.
LaTeX Font Info:    Overwriting symbol font `largesymbols' in version `bold'
(Font)                  OMX/cmex/m/n --> OMX/mdbch/b/n on input line 115.
LaTeX Font Info:    Overwriting math alphabet `\mathbf' in version `bold'
(Font)                  OT1/cmr/bx/n --> OT1/zavm/b/n on input line 118.
LaTeX Font Info:    Overwriting math alphabet `\mathtt' in version `bold'
(Font)                  OT1/cmtt/m/n --> T1/fvm/b/n on input line 119.
LaTeX Font Info:    Redeclaring math accent \widetilde on input line 123.
LaTeX Font Info:    Redeclaring math accent \widehat on input line 124.
\symextraup=\mathgroup8
\symextraitalic=\mathgroup9

(/.autofs/system/koko_system/texlive_2012/texmf-dist/tex/latex/arev/arevsymbols
.tex
LaTeX Font Info:    Redeclaring math symbol \hbar on input line 22.
LaTeX Font Info:    Redeclaring math symbol \hslash on input line 23.
LaTeX Font Info:    Redeclaring math symbol \digamma on input line 25.
LaTeX Font Info:    Redeclaring math symbol \varkappa on input line 26.
LaTeX Font Info:    Redeclaring math symbol \backepsilon on input line 35.
LaTeX Font Info:    Redeclaring math symbol \emptyset on input line 37.
LaTeX Font Info:    Redeclaring math symbol \eth on input line 57.
LaTeX Font Info:    Redeclaring math symbol \mho on input line 58.
)
LaTeX Font Info:    Redeclaring math symbol \varGamma on input line 181.
LaTeX Font Info:    Redeclaring math symbol \varXi on input line 182.
LaTeX Font Info:    Redeclaring math symbol \varPi on input line 183.
LaTeX Font Info:    Redeclaring math symbol \varSigma on input line 184.
LaTeX Font Info:    Redeclaring math symbol \varPhi on input line 185.
LaTeX Font Info:    Redeclaring math symbol \varnothing on input line 204.
)
(/.autofs/system/koko_system/texlive_2012/texmf-dist/tex/latex/bera/beramono.st
y
Package: beramono 2004/01/31 (WaS)

(/.autofs/system/koko_system/texlive_2012/texmf-dist/tex/latex/graphics/keyval.
sty
Package: keyval 1999/03/16 v1.13 key=value parser (DPC)
\KV@toks@=\toks22
)))
(/.autofs/system/koko_system/texlive_2012/texmf-dist/tex/latex/subfigure/subfig
ure.sty
Package: subfigure 2002/03/15 v2.1.5 subfigure package
\subfigtopskip=\skip56
\subfigcapskip=\skip57
\subfigcaptopadj=\dimen113
\subfigbottomskip=\skip58
\subfigcapmargin=\dimen114
\subfiglabelskip=\skip59
\c@subfigure=\count100
\c@lofdepth=\count101
\c@subtable=\count102
\c@lotdepth=\count103

****************************************
* Local config file subfigure.cfg used *
****************************************

(/.autofs/system/koko_system/texlive_2012/texmf-dist/tex/latex/subfigure/subfig
ure.cfg)
\subfig@top=\skip60
\subfig@bottom=\skip61
)
(/.autofs/system/koko_system/texlive_2012/texmf-dist/tex/latex/url/url.sty
\Urlmuskip=\muskip11
Package: url 2006/04/12  ver 3.3  Verb mode for urls, etc.
)
(/.autofs/system/koko_system/texlive_2012/texmf-dist/tex/latex/algorithm2e/algo
rithm2e.sty
Package: algorithm2e 2013/01/06 v5.00 algorithms environments
\c@AlgoLine=\count104

(/.autofs/system/koko_system/texlive_2012/texmf-dist/tex/latex/tools/xspace.sty
Package: xspace 2009/10/20 v1.13 Space after command names (DPC,MH)
)
(/.autofs/system/koko_system/texlive_2012/texmf-dist/tex/latex/relsize/relsize.
sty
Package: relsize 2011/09/21 ver 4.0
 Examine \normalsize starts \@setfontsize size may be \@xpt. 
Examine \small starts \@setfontsize size may be \@ixpt. 
Examine \footnotesize starts \@setfontsize size may be \@viiipt. 
Examine \large starts \@setfontsize size may be \@xiipt. 
Examine \Large starts \@setfontsize size may be \@xivpt. 
Examine \LARGE starts \@setfontsize size may be \@xviipt. 
Examine \scriptsize starts \@setfontsize size may be \@viipt. 
Examine \tiny starts \@setfontsize size may be \@vpt. 
Examine \huge starts \@setfontsize size may be \@xxpt. 
Examine \Huge starts \@setfontsize size may be \@xxvpt. )
********************************************************
Package `algorithm2e' Release 5.0 -- january 06 2013 --
- algorithm2e-announce@lirmm.fr mailing list for announcement about releases
- algorithm2e-discussion@lirmm.fr mailing list for discussion about package
subscribe by emailing sympa@lirmm.fr with 'subscribe <list> <firstname name>'
- Author: Christophe Fiorio (cfiorio@um2.fr)
********************************************************
\skiptotal=\skip62
\skiplinenumber=\skip63
\skiprule=\skip64
\skiphlne=\skip65
\skiptext=\skip66
\skiplength=\skip67
\algomargin=\skip68
\skipalgocfslide=\skip69
\algowidth=\dimen115
\inoutsize=\dimen116
\inoutindent=\dimen117
\interspacetitleruled=\dimen118
\interspacealgoruled=\dimen119
\interspacetitleboxruled=\dimen120
\algocf@inoutbox=\box28
\algocf@inputbox=\box29
\AlCapSkip=\skip70
\AlCapHSkip=\skip71
\algoskipindent=\skip72
\algocf@nlbox=\box30
\algocf@hangingbox=\box31
\algocf@untilbox=\box32
\algocf@skipuntil=\skip73
\algocf@capbox=\box33
\algoheightruledefault=\skip74
\algoheightrule=\skip75
\algotitleheightruledefault=\skip76
\algotitleheightrule=\skip77
\c@algocfline=\count105
\c@algocfproc=\count106
\c@algocf=\count107
\algocf@algoframe=\box34
\algocf@algobox=\box35
)
(/.autofs/system/koko_system/texlive_2012/texmf-dist/tex/latex/algorithmicx/alg
pseudocode.sty
Package: algpseudocode 

(/.autofs/system/koko_system/texlive_2012/texmf-dist/tex/latex/algorithmicx/alg
orithmicx.sty
Package: algorithmicx 2005/04/27 v1.2 Algorithmicx

Document Style algorithmicx 1.2 - a greatly improved `algorithmic' style
\c@ALG@line=\count108
\c@ALG@rem=\count109
\c@ALG@nested=\count110
\ALG@tlm=\skip78
\ALG@thistlm=\skip79
\c@ALG@Lnr=\count111
\c@ALG@blocknr=\count112
\c@ALG@storecount=\count113
\c@ALG@tmpcounter=\count114
\ALG@tmplength=\skip80
)
Document Style - pseudocode environments for use with the `algorithmicx' style
)
No file hw_1.aux.
\openout1 = `hw_1.aux'.

LaTeX Font Info:    Checking defaults for OML/cmm/m/it on input line 39.
LaTeX Font Info:    ... okay on input line 39.
LaTeX Font Info:    Checking defaults for T1/cmr/m/n on input line 39.
LaTeX Font Info:    ... okay on input line 39.
LaTeX Font Info:    Checking defaults for OT1/cmr/m/n on input line 39.
LaTeX Font Info:    ... okay on input line 39.
LaTeX Font Info:    Checking defaults for OMS/cmsy/m/n on input line 39.
LaTeX Font Info:    ... okay on input line 39.
LaTeX Font Info:    Checking defaults for OMX/cmex/m/n on input line 39.
LaTeX Font Info:    ... okay on input line 39.
LaTeX Font Info:    Checking defaults for U/cmr/m/n on input line 39.
LaTeX Font Info:    ... okay on input line 39.
LaTeX Font Info:    Checking defaults for TS1/cmr/m/n on input line 39.
LaTeX Font Info:    Try loading font information for TS1+cmr on input line 39.
(/.autofs/system/koko_system/texlive_2012/texmf-dist/tex/latex/base/ts1cmr.fd
File: ts1cmr.fd 1999/05/25 v2.5h Standard LaTeX font definitions
)
LaTeX Font Info:    ... okay on input line 39.
LaTeX Font Info:    Checking defaults for MDA/cmr/m/n on input line 39.
LaTeX Font Info:    Try loading font information for MDA+cmr on input line 39.

(/.autofs/system/koko_system/texlive_2012/texmf-dist/tex/latex/mathdesign/mdacm
r.fd
File: mdacmr.fd 
)
LaTeX Font Info:    ... okay on input line 39.
LaTeX Font Info:    Try loading font information for T1+fav on input line 39.

(/.autofs/system/koko_system/texlive_2012/texmf-dist/tex/latex/arev/t1fav.fd
File: t1fav.fd 2006/05/30 Fontinst v1.929 font definitions for T1/fav.
)
(/.autofs/system/koko_system/texlive_2012/texmf-dist/tex/context/base/supp-pdf.
mkii
[Loading MPS to PDF converter (version 2006.09.02).]
\scratchcounter=\count115
\scratchdimen=\dimen121
\scratchbox=\box36
\nofMPsegments=\count116
\nofMParguments=\count117
\everyMPshowfont=\toks23
\MPscratchCnt=\count118
\MPscratchDim=\dimen122
\MPnumerator=\count119
\makeMPintoPDFobject=\count120
\everyMPtoPDFconversion=\toks24
)
(/.autofs/system/koko_system/texlive_2012/texmf-dist/tex/generic/oberdiek/pdfte
xcmds.sty
Package: pdftexcmds 2011/11/29 v0.20 Utility functions of pdfTeX for LuaTeX (HO
)

(/.autofs/system/koko_system/texlive_2012/texmf-dist/tex/generic/oberdiek/iflua
tex.sty
Package: ifluatex 2010/03/01 v1.3 Provides the ifluatex switch (HO)
Package ifluatex Info: LuaTeX not detected.
)
(/.autofs/system/koko_system/texlive_2012/texmf-dist/tex/generic/oberdiek/ifpdf
.sty
Package: ifpdf 2011/01/30 v2.3 Provides the ifpdf switch (HO)
Package ifpdf Info: pdfTeX in PDF mode is detected.
)
Package pdftexcmds Info: LuaTeX not detected.
Package pdftexcmds Info: \pdf@primitive is available.
Package pdftexcmds Info: \pdf@ifprimitive is available.
Package pdftexcmds Info: \pdfdraftmode found.
)
(/.autofs/system/koko_system/texlive_2012/texmf-dist/tex/latex/oberdiek/epstopd
f-base.sty
Package: epstopdf-base 2010/02/09 v2.5 Base part for package epstopdf

(/.autofs/system/koko_system/texlive_2012/texmf-dist/tex/latex/oberdiek/grfext.
sty
Package: grfext 2010/08/19 v1.1 Manage graphics extensions (HO)

(/.autofs/system/koko_system/texlive_2012/texmf-dist/tex/generic/oberdiek/kvdef
inekeys.sty
Package: kvdefinekeys 2011/04/07 v1.3 Define keys (HO)
))
(/.autofs/system/koko_system/texlive_2012/texmf-dist/tex/latex/oberdiek/kvoptio
ns.sty
Package: kvoptions 2011/06/30 v3.11 Key value format for package options (HO)

(/.autofs/system/koko_system/texlive_2012/texmf-dist/tex/generic/oberdiek/kvset
keys.sty
Package: kvsetkeys 2012/04/25 v1.16 Key value parser (HO)

(/.autofs/system/koko_system/texlive_2012/texmf-dist/tex/generic/oberdiek/etexc
mds.sty
Package: etexcmds 2011/02/16 v1.5 Avoid name clashes with e-TeX commands (HO)
Package etexcmds Info: Could not find \expanded.
(etexcmds)             That can mean that you are not using pdfTeX 1.50 or
(etexcmds)             that some package has redefined \expanded.
(etexcmds)             In the latter case, load this package earlier.
)))
Package grfext Info: Graphics extension search list:
(grfext)             [.png,.pdf,.jpg,.mps,.jpeg,.jbig2,.jb2,.PNG,.PDF,.JPG,.JPE
G,.JBIG2,.JB2,.eps]
(grfext)             \AppendGraphicsExtensions on input line 452.

(/.autofs/system/koko_system/texlive_2012/texmf-dist/tex/latex/latexconfig/epst
opdf-sys.cfg
File: epstopdf-sys.cfg 2010/07/13 v1.3 Configuration of (r)epstopdf for TeX Liv
e
))
LaTeX Font Info:    Try loading font information for OT1+zavm on input line 44.


(/.autofs/system/koko_system/texlive_2012/texmf-dist/tex/latex/arev/ot1zavm.fd
File: ot1zavm.fd 2006/05/30 Fontinst v1.929 font definitions for OT1/zavm.
)
LaTeX Font Info:    Try loading font information for OML+zavm on input line 44.

(/.autofs/system/koko_system/texlive_2012/texmf-dist/tex/latex/arev/omlzavm.fd
File: omlzavm.fd 2006/05/30 Fontinst v1.929 font definitions for OML/zavm.
)
LaTeX Font Info:    Try loading font information for OMS+zavm on input line 44.

(/.autofs/system/koko_system/texlive_2012/texmf-dist/tex/latex/arev/omszavm.fd
File: omszavm.fd 2006/05/30 Fontinst v1.929 font definitions for OMS/zavm.
)
LaTeX Font Info:    Try loading font information for OMX+mdbch on input line 44
.

(/.autofs/system/koko_system/texlive_2012/texmf-dist/tex/latex/mathdesign/mdbch
/omxmdbch.fd
File: omxmdbch.fd 2006/01/28 Fontinst v1.928 font definitions for OMX/mdbch.
)
LaTeX Font Info:    Font shape `OMX/mdbch/m/n' will be
(Font)              scaled to size 9.60007pt on input line 44.
LaTeX Font Info:    Font shape `OMX/mdbch/m/n' will be
(Font)              scaled to size 7.29605pt on input line 44.
LaTeX Font Info:    Font shape `OMX/mdbch/m/n' will be
(Font)              scaled to size 5.76004pt on input line 44.
LaTeX Font Info:    Try loading font information for U+msa on input line 44.

(/.autofs/system/koko_system/texlive_2012/texmf-dist/tex/latex/amsfonts/umsa.fd
File: umsa.fd 2013/01/14 v3.01 AMS symbols A
)
LaTeX Font Info:    Try loading font information for U+msb on input line 44.

(/.autofs/system/koko_system/texlive_2012/texmf-dist/tex/latex/amsfonts/umsb.fd
File: umsb.fd 2013/01/14 v3.01 AMS symbols B
)
LaTeX Font Info:    Try loading font information for U+lasy on input line 44.
 (/.autofs/system/koko_system/texlive_2012/texmf-dist/tex/latex/base/ulasy.fd
File: ulasy.fd 1998/08/17 v2.2e LaTeX symbol font definitions
)
LaTeX Font Info:    Try loading font information for MDA+mdbch on input line 44
.

(/.autofs/system/koko_system/texlive_2012/texmf-dist/tex/latex/mathdesign/mdbch
/mdamdbch.fd
File: mdamdbch.fd 2006/01/28 Fontinst v1.928 font definitions for MDA/mdbch.
)
LaTeX Font Info:    Font shape `MDA/mdbch/b/n' will be
(Font)              scaled to size 9.60007pt on input line 44.
LaTeX Font Info:    Font shape `MDA/mdbch/b/n' will be
(Font)              scaled to size 7.29605pt on input line 44.
LaTeX Font Info:    Font shape `MDA/mdbch/b/n' will be
(Font)              scaled to size 5.76004pt on input line 44.
LaTeX Font Info:    Try loading font information for U+zavm on input line 44.

(/.autofs/system/koko_system/texlive_2012/texmf-dist/tex/latex/arev/uzavm.fd
File: uzavm.fd 2006/05/30 Fontinst v1.929 font definitions for U/zavm.
)
Overfull \hbox (0.90697pt too wide) in paragraph at lines 43--45
$[]$ 
 []

LaTeX Font Info:    Font shape `T1/fav/bx/n' in size <10> not available
(Font)              Font shape `T1/fav/b/n' tried instead on input line 49.
LaTeX Font Info:    Font shape `T1/fav/bx/n' in size <12> not available
(Font)              Font shape `T1/fav/b/n' tried instead on input line 49.

Underfull \hbox (badness 10000) in paragraph at lines 55--57

 []


Underfull \hbox (badness 10000) in paragraph at lines 62--67

 []

LaTeX Font Info:    Try loading font information for T1+fvm on input line 69.
(/.autofs/system/koko_system/texlive_2012/texmf-dist/tex/latex/bera/t1fvm.fd
File: t1fvm.fd 2004/09/07 scalable font definitions for T1/fvm.
)
Underfull \hbox (badness 2486) in paragraph at lines 68--75
\T1/fav/b/n/10 Submission Rules: \T1/fav/m/n/10 Sub-mit your so-lu-tions elec-t
ron-i-cally as a PDF doc-u-ment through
 []


Underfull \hbox (badness 10000) in paragraph at lines 68--75

 []


Underfull \hbox (badness 10000) in paragraph at lines 76--79

 []

LaTeX Font Info:    Font shape `T1/fav/bx/n' in size <7.6> not available
(Font)              Font shape `T1/fav/b/n' tried instead on input line 80.

Underfull \hbox (badness 10000) in paragraph at lines 80--86

 []


Underfull \hbox (badness 10000) in paragraph at lines 87--94

 []


Underfull \hbox (badness 10000) in paragraph at lines 95--100

 []


Underfull \hbox (badness 10000) in paragraph at lines 101--104

 []


Underfull \hbox (badness 10000) in paragraph at lines 105--115

 []

[1

{/.autofs/system/koko_system/texlive_2012/texmf-var/fonts/map/pdftex/updmap/pdf
tex.map}]
Underfull \hbox (badness 10000) in paragraph at lines 143--148

 []

LaTeX Font Info:    Font shape `T1/fav/bx/n' in size <7> not available
(Font)              Font shape `T1/fav/b/n' tried instead on input line 166.
[2]
Underfull \hbox (badness 10000) in paragraph at lines 205--209

 []


Underfull \hbox (badness 10000) in paragraph at lines 216--219

 []


Underfull \hbox (badness 10000) in paragraph at lines 220--226

 []


Underfull \hbox (badness 10000) in paragraph at lines 240--241

 []


Underfull \hbox (badness 10000) in paragraph at lines 241--243

 []


Underfull \hbox (badness 10000) in paragraph at lines 243--247

 []


Underfull \hbox (badness 10000) in paragraph at lines 251--254

 []


Underfull \hbox (badness 10000) in paragraph at lines 255--258

 []


Underfull \hbox (badness 10000) in paragraph at lines 264--268

 []


Underfull \hbox (badness 10000) in paragraph at lines 274--277

 []

[3]
Underfull \hbox (badness 10000) in paragraph at lines 279--284

 []


Underfull \hbox (badness 10000) in paragraph at lines 299--301

 []

LaTeX Font Info:    Try loading font information for TS1+fav on input line 306.

LaTeX Font Info:    No file TS1fav.fd. on input line 306.

LaTeX Font Warning: Font shape `TS1/fav/m/n' undefined
(Font)              using `TS1/cmr/m/n' instead
(Font)              for symbol `textbullet' on input line 306.


Underfull \hbox (badness 10000) in paragraph at lines 330--336

 []


Underfull \hbox (badness 10000) in paragraph at lines 346--349

 []


Underfull \hbox (badness 10000) in paragraph at lines 358--361

 []

[4]
Underfull \hbox (badness 10000) in paragraph at lines 368--372

 []


Underfull \hbox (badness 10000) in paragraph at lines 373--376

 []


Underfull \hbox (badness 10000) in paragraph at lines 377--385

 []


Underfull \hbox (badness 10000) in paragraph at lines 403--405

 []


Underfull \hbox (badness 10000) in paragraph at lines 406--409

 []


Underfull \hbox (badness 10000) in paragraph at lines 410--414

 []

[5] (./hw_1.aux)

LaTeX Font Warning: Some font shapes were not available, defaults substituted.


LaTeX Warning: Label(s) may have changed. Rerun to get cross-references right.

 ) 
Here is how much of TeX's memory you used:
 5634 strings out of 493481
 80419 string characters out of 3140986
 151310 words of memory out of 3000000
 8766 multiletter control sequences out of 15000+200000
 46567 words of font info for 85 fonts, out of 3000000 for 9000
 957 hyphenation exceptions out of 8191
 38i,14n,45p,267b,408s stack positions out of 5000i,500n,10000p,200000b,50000s
{/.autofs/system/koko_system/texlive_2012/texmf-dist/fonts/enc/dvips/cm-super
/cm-super-ts1.enc}{/.autofs/system/koko_system/texlive_2012/texmf-dist/fonts/en
c/dvips/base/8r.enc}{/.autofs/system/koko_system/texlive_2012/texmf-dist/fonts/
enc/dvips/arev/arevoms.enc}{/.autofs/system/koko_system/texlive_2012/texmf-dist
/fonts/enc/dvips/arev/arevot1.enc}{/.autofs/system/koko_system/texlive_2012/tex
mf-dist/fonts/enc/dvips/arev/arevoml.enc}</.autofs/system/koko_system/texlive_2
012/texmf-dist/fonts/type1/public/arev/ArevSans-Bold.pfb></.autofs/system/koko_
system/texlive_2012/texmf-dist/fonts/type1/public/arev/ArevSans-Oblique.pfb></.
autofs/system/koko_system/texlive_2012/texmf-dist/fonts/type1/public/arev/ArevS
ans-Roman.pfb></.autofs/system/koko_system/texlive_2012/texmf-dist/fonts/type1/
public/amsfonts/cm/cmsy10.pfb></.autofs/system/koko_system/texlive_2012/texmf-d
ist/fonts/type1/public/bera/fvmr8a.pfb></.autofs/system/koko_system/texlive_201
2/texmf-dist/fonts/type1/mathdesign/mdbch/md-chb7t.pfb></.autofs/system/koko_sy
stem/texlive_2012/texmf-dist/fonts/type1/mathdesign/mdbch/md-chb7y.pfb></.autof
s/system/koko_system/texlive_2012/texmf-dist/fonts/type1/mathdesign/mdbch/md-ch
r7v.pfb></.autofs/system/koko_system/texlive_2012/texmf-dist/fonts/type1/public
/cm-super/sfrm1000.pfb>
Output written on hw_1.pdf (5 pages, 92559 bytes).
PDF statistics:
 67 PDF objects out of 1000 (max. 8388607)
 50 compressed objects within 1 object stream
 0 named destinations out of 1000 (max. 500000)
 1 words of extra memory for PDF output out of 10000 (max. 10000000)

